<?xml version="1.0" encoding="UTF-8"?>
<coverage generated="1592766167987" clover="3.2.0">
  <project timestamp="1592766167988" name="All files">
    <metrics statements="8" coveredstatements="6" conditionals="5" coveredconditionals="1" methods="2" coveredmethods="1" elements="15" coveredelements="8" complexity="0" loc="8" ncloc="8" packages="1" files="1" classes="1"/>
    <file name="utilities.js" path="/Users/josephcarey/Desktop/my-stuff/programming/todotoday/server/modules/utilities.js">
      <metrics statements="8" coveredstatements="6" conditionals="5" coveredconditionals="1" methods="2" coveredmethods="1"/>
      <line num="1" count="1" type="stmt"/>
      <line num="3" count="1" type="stmt"/>
      <line num="4" count="0" type="cond" truecount="0" falsecount="3"/>
      <line num="9" count="1" type="stmt"/>
      <line num="10" count="1" type="cond" truecount="1" falsecount="1"/>
      <line num="11" count="1" type="stmt"/>
      <line num="14" count="0" type="stmt"/>
      <line num="17" count="1" type="stmt"/>
    </file>
  </project>
</coverage>
