{"/Users/josephcarey/Desktop/my-stuff/programming/todotoday/server/modules/utilities.js": {"path":"/Users/josephcarey/Desktop/my-stuff/programming/todotoday/server/modules/utilities.js","statementMap":{"0":{"start":{"line":1,"column":19},"end":{"line":1,"column":23}},"1":{"start":{"line":3,"column":14},"end":{"line":7,"column":1}},"2":{"start":{"line":4,"column":2},"end":{"line":6,"column":53}},"3":{"start":{"line":9,"column":24},"end":{"line":15,"column":1}},"4":{"start":{"line":10,"column":2},"end":{"line":12,"column":3}},"5":{"start":{"line":11,"column":4},"end":{"line":11,"column":17}},"6":{"start":{"line":14,"column":2},"end":{"line":14,"column":36}},"7":{"start":{"line":17,"column":0},"end":{"line":20,"column":2}}},"fnMap":{"0":{"name":"(anonymous_0)","decl":{"start":{"line":3,"column":14},"end":{"line":3,"column":15}},"loc":{"start":{"line":3,"column":38},"end":{"line":7,"column":1}},"line":3},"1":{"name":"(anonymous_1)","decl":{"start":{"line":9,"column":24},"end":{"line":9,"column":25}},"loc":{"start":{"line":9,"column":48},"end":{"line":15,"column":1}},"line":9}},"branchMap":{"0":{"loc":{"start":{"line":4,"column":2},"end":{"line":6,"column":52}},"type":"binary-expr","locations":[{"start":{"line":4,"column":2},"end":{"line":4,"column":12}},{"start":{"line":5,"column":4},"end":{"line":5,"column":39}},{"start":{"line":6,"column":4},"end":{"line":6,"column":52}}],"line":4},"1":{"loc":{"start":{"line":10,"column":2},"end":{"line":12,"column":3}},"type":"if","locations":[{"start":{"line":10,"column":2},"end":{"line":12,"column":3}},{"start":{"line":10,"column":2},"end":{"line":12,"column":3}}],"line":10}},"s":{"0":1,"1":1,"2":0,"3":1,"4":1,"5":1,"6":0,"7":1},"f":{"0":0,"1":1},"b":{"0":[0,0,0],"1":[1,0]},"_coverageSchema":"43e27e138ebf9cfc5966b082cf9a028302ed4184","hash":"b62e14a1f0e5e8912a7d80ba2022acacfc8c4dce"}
}
